<?xml version="1.0" encoding="UTF-8"?>
<testsuite xmlns:xsi="http://www.w3.org/2001/XMLSchema-instance" xsi:noNamespaceSchemaLocation="https://maven.apache.org/surefire/maven-surefire-plugin/xsd/surefire-test-report-3.0.xsd" version="3.0" name="TestSuite" time="47.398" tests="4" errors="0" skipped="0" failures="0">
  <properties>
    <property name="java.specification.version" value="21"/>
    <property name="sun.cpu.isalist" value="amd64"/>
    <property name="sun.jnu.encoding" value="Cp1252"/>
    <property name="java.class.path" value="C:\Users\EXT02D54046\IdeaProjects\Automation\target\test-classes;C:\Users\EXT02D54046\IdeaProjects\Automation\target\classes;C:\Users\EXT02D54046\.m2\repository\com\microsoft\playwright\playwright\1.41.0\playwright-1.41.0.jar;C:\Users\EXT02D54046\.m2\repository\com\google\code\gson\gson\2.8.9\gson-2.8.9.jar;C:\Users\EXT02D54046\.m2\repository\org\opentest4j\opentest4j\1.2.0\opentest4j-1.2.0.jar;C:\Users\EXT02D54046\.m2\repository\com\microsoft\playwright\driver\1.41.0\driver-1.41.0.jar;C:\Users\EXT02D54046\.m2\repository\com\microsoft\playwright\driver-bundle\1.41.0\driver-bundle-1.41.0.jar;C:\Users\EXT02D54046\.m2\repository\org\testng\testng\7.8.0\testng-7.8.0.jar;C:\Users\EXT02D54046\.m2\repository\org\slf4j\slf4j-api\1.7.36\slf4j-api-1.7.36.jar;C:\Users\EXT02D54046\.m2\repository\com\beust\jcommander\1.82\jcommander-1.82.jar;C:\Users\EXT02D54046\.m2\repository\org\webjars\jquery\3.6.1\jquery-3.6.1.jar;C:\Users\EXT02D54046\.m2\repository\com\aventstack\extentreports\5.1.1\extentreports-5.1.1.jar;C:\Users\EXT02D54046\.m2\repository\io\reactivex\rxjava3\rxjava\3.1.6\rxjava-3.1.6.jar;C:\Users\EXT02D54046\.m2\repository\org\reactivestreams\reactive-streams\1.0.4\reactive-streams-1.0.4.jar;C:\Users\EXT02D54046\.m2\repository\org\freemarker\freemarker\2.3.32\freemarker-2.3.32.jar;C:\Users\EXT02D54046\.m2\repository\org\projectlombok\lombok\1.18.26\lombok-1.18.26.jar;"/>
    <property name="java.vm.vendor" value="Oracle Corporation"/>
    <property name="sun.arch.data.model" value="64"/>
    <property name="user.variant" value=""/>
    <property name="java.vendor.url" value="https://java.oracle.com/"/>
    <property name="user.timezone" value="Europe/Istanbul"/>
    <property name="user.country.format" value="TR"/>
    <property name="os.name" value="Windows 11"/>
    <property name="java.vm.specification.version" value="21"/>
    <property name="sun.java.launcher" value="SUN_STANDARD"/>
    <property name="user.country" value="US"/>
    <property name="sun.boot.library.path" value="C:\Users\EXT02D54046\.jdks\openjdk-21\bin"/>
    <property name="sun.java.command" value="C:\Users\EXT02D54046\AppData\Local\Temp\surefire7737153325266855820\surefirebooter-20250421161224176_3.jar C:\Users\EXT02D54046\AppData\Local\Temp\surefire7737153325266855820 2025-04-21T16-12-23_735-jvmRun1 surefire-20250421161224176_1tmp surefire_0-20250421161224176_2tmp"/>
    <property name="jdk.debug" value="release"/>
    <property name="surefire.test.class.path" value="C:\Users\EXT02D54046\IdeaProjects\Automation\target\test-classes;C:\Users\EXT02D54046\IdeaProjects\Automation\target\classes;C:\Users\EXT02D54046\.m2\repository\com\microsoft\playwright\playwright\1.41.0\playwright-1.41.0.jar;C:\Users\EXT02D54046\.m2\repository\com\google\code\gson\gson\2.8.9\gson-2.8.9.jar;C:\Users\EXT02D54046\.m2\repository\org\opentest4j\opentest4j\1.2.0\opentest4j-1.2.0.jar;C:\Users\EXT02D54046\.m2\repository\com\microsoft\playwright\driver\1.41.0\driver-1.41.0.jar;C:\Users\EXT02D54046\.m2\repository\com\microsoft\playwright\driver-bundle\1.41.0\driver-bundle-1.41.0.jar;C:\Users\EXT02D54046\.m2\repository\org\testng\testng\7.8.0\testng-7.8.0.jar;C:\Users\EXT02D54046\.m2\repository\org\slf4j\slf4j-api\1.7.36\slf4j-api-1.7.36.jar;C:\Users\EXT02D54046\.m2\repository\com\beust\jcommander\1.82\jcommander-1.82.jar;C:\Users\EXT02D54046\.m2\repository\org\webjars\jquery\3.6.1\jquery-3.6.1.jar;C:\Users\EXT02D54046\.m2\repository\com\aventstack\extentreports\5.1.1\extentreports-5.1.1.jar;C:\Users\EXT02D54046\.m2\repository\io\reactivex\rxjava3\rxjava\3.1.6\rxjava-3.1.6.jar;C:\Users\EXT02D54046\.m2\repository\org\reactivestreams\reactive-streams\1.0.4\reactive-streams-1.0.4.jar;C:\Users\EXT02D54046\.m2\repository\org\freemarker\freemarker\2.3.32\freemarker-2.3.32.jar;C:\Users\EXT02D54046\.m2\repository\org\projectlombok\lombok\1.18.26\lombok-1.18.26.jar;"/>
    <property name="sun.cpu.endian" value="little"/>
    <property name="user.home" value="C:\Users\EXT02D54046"/>
    <property name="user.language" value="en"/>
    <property name="java.specification.vendor" value="Oracle Corporation"/>
    <property name="java.version.date" value="2023-09-19"/>
    <property name="java.home" value="C:\Users\EXT02D54046\.jdks\openjdk-21"/>
    <property name="file.separator" value="\"/>
    <property name="basedir" value="C:\Users\EXT02D54046\IdeaProjects\Automation"/>
    <property name="java.vm.compressedOopsMode" value="Zero based"/>
    <property name="line.separator" value="&#10;"/>
    <property name="java.vm.specification.vendor" value="Oracle Corporation"/>
    <property name="java.specification.name" value="Java Platform API Specification"/>
    <property name="surefire.real.class.path" value="C:\Users\EXT02D54046\AppData\Local\Temp\surefire7737153325266855820\surefirebooter-20250421161224176_3.jar"/>
    <property name="user.script" value=""/>
    <property name="sun.management.compiler" value="HotSpot 64-Bit Tiered Compilers"/>
    <property name="java.runtime.version" value="21+35-2513"/>
    <property name="user.name" value="EXT02D54046"/>
    <property name="stdout.encoding" value="Cp1252"/>
    <property name="path.separator" value=";"/>
    <property name="os.version" value="10.0"/>
    <property name="java.runtime.name" value="OpenJDK Runtime Environment"/>
    <property name="file.encoding" value="UTF-8"/>
    <property name="java.vm.name" value="OpenJDK 64-Bit Server VM"/>
    <property name="localRepository" value="C:\Users\EXT02D54046\.m2\repository"/>
    <property name="java.vendor.url.bug" value="https://bugreport.java.com/bugreport/"/>
    <property name="java.io.tmpdir" value="C:\Users\EXT02D~1\AppData\Local\Temp\"/>
    <property name="java.version" value="21"/>
    <property name="user.dir" value="C:\Users\EXT02D54046\IdeaProjects\Automation"/>
    <property name="os.arch" value="amd64"/>
    <property name="java.vm.specification.name" value="Java Virtual Machine Specification"/>
    <property name="user.language.format" value="tr"/>
    <property name="sun.os.patch.level" value=""/>
    <property name="native.encoding" value="Cp1252"/>
    <property name="java.library.path" value="C:\Users\EXT02D54046\.jdks\openjdk-21\bin;C:\Windows\Sun\Java\bin;C:\Windows\system32;C:\Windows;C:\Program Files\Python39\Scripts\;C:\Program Files\Python39\;C:\ORA\oc193\bin;C:\Windows\system32;C:\Windows;C:\Windows\System32\Wbem;C:\Windows\System32\WindowsPowerShell\v1.0\;C:\Windows\System32\OpenSSH\;C:\Windows\CCM;C:\Windows\CCM;C:\Program Files\nodejs\;C:\apache-maven-3.9.6\bin;C:\Users\EXT02D54046\.jdks\openjdk-21\bin;C:\Users\EXT02D54046\scoop\shims;C:\Users\EXT02D54046\AppData\Local\Microsoft\WindowsApps;C:\Users\EXT02D54046\AppData\Local\Programs\Microsoft VS Code\bin;C:\Users\EXT02D54046\.jdks\openjdk-21\bin;C:\Users\EXT02D54046\AppData\Local\Programs\Git\cmd;C:\Users\EXT02D54046\AppData\Local\Programs\cursor\resources\app\bin;."/>
    <property name="java.vm.info" value="mixed mode, sharing"/>
    <property name="stderr.encoding" value="Cp1252"/>
    <property name="java.vendor" value="Oracle Corporation"/>
    <property name="java.vm.version" value="21+35-2513"/>
    <property name="sun.io.unicode.encoding" value="UnicodeLittle"/>
    <property name="java.class.version" value="65.0"/>
  </properties>
  <testcase name="lockedOutUserLogin" classname="tests.LoginTest" time="0.743">
    <system-err><![CDATA[SLF4J: Failed to load class "org.slf4j.impl.StaticLoggerBinder".
SLF4J: Defaulting to no-operation (NOP) logger implementation
SLF4J: See http://www.slf4j.org/codes.html#StaticLoggerBinder for further details.
]]></system-err>
  </testcase>
  <testcase name="problemUser" classname="tests.LoginTest" time="0.951"/>
  <testcase name="successfulLogin" classname="tests.LoginTest" time="1.01"/>
  <testcase name="validateScrollFunctionality" classname="tests.ScrollTest" time="3.582"/>
</testsuite>