<?xml version="1.0" encoding="UTF-8"?>
<!-- Generated by org.testng.reporters.JUnitReportReporter -->
<testsuite hostname="TCPIACONS031" failures="0" tests="1" name="tests.ScrollTest" time="7.206" errors="0" timestamp="2025-04-21T16:13:13 TRT" skipped="0">
  <testcase classname="tests.ScrollTest" name="validateScrollFunctionality" time="7.206"/>
</testsuite> <!-- tests.ScrollTest -->
