<?xml version="1.0" encoding="UTF-8"?>
<!-- Generated by org.testng.reporters.JUnitReportReporter -->
<testsuite hostname="TCPIACONS031" failures="0" tests="2" name="tests.LoginTest" time="3.360" errors="0" timestamp="2025-03-10T11:40:14 TRT" skipped="0">
  <testcase classname="tests.LoginTest" name="lockedOutUserLogin" time="1.710"/>
  <testcase classname="tests.LoginTest" name="successfulLogin" time="1.650"/>
</testsuite> <!-- tests.LoginTest -->
