<?xml version="1.0" encoding="UTF-8"?>
<!-- Generated by org.testng.reporters.JUnitReportReporter -->
<testsuite hostname="TCPIACONS031" failures="0" tests="3" name="tests.LoginTest" time="14.023" errors="0" timestamp="2025-04-21T16:13:13 TRT" skipped="0">
  <testcase classname="tests.LoginTest" name="successfulLogin" time="5.019"/>
  <testcase classname="tests.LoginTest" name="lockedOutUserLogin" time="4.404"/>
  <testcase classname="tests.LoginTest" name="problemUser" time="4.600"/>
</testsuite> <!-- tests.LoginTest -->
