<?xml version="1.0" encoding="UTF-8"?>
<!-- Generated by org.testng.reporters.JUnitReportReporter -->
<testsuite hostname="TCPIACONS031" failures="0" tests="3" name="tests.LoginTest" time="13.672" errors="0" timestamp="2025-04-18T17:16:54 TRT" skipped="0">
  <testcase classname="tests.LoginTest" name="problemUser" time="4.529"/>
  <testcase classname="tests.LoginTest" name="lockedOutUserLogin" time="4.834"/>
  <testcase classname="tests.LoginTest" name="successfulLogin" time="4.309"/>
</testsuite> <!-- tests.LoginTest -->
