<?xml version="1.0" encoding="UTF-8"?>
<!-- Generated by org.testng.reporters.JUnitReportReporter -->
<testsuite hostname="TCPIACONS031" failures="0" tests="3" name="tests.LoginTest" time="17.358" errors="0" timestamp="2025-04-21T15:47:25 TRT" skipped="0">
  <testcase classname="tests.LoginTest" name="successfulLogin" time="5.395"/>
  <testcase classname="tests.LoginTest" name="problemUser" time="5.583"/>
  <testcase classname="tests.LoginTest" name="lockedOutUserLogin" time="6.380"/>
</testsuite> <!-- tests.LoginTest -->
